
> copy-of-backup-neuroflow-os-v2.0--glass@0.0.0 build
> vite build

[36mvite v6.4.1 [32mbuilding for production...[36m[39m
transforming...
[32mΓ£ô[39m 2236 modules transformed.
Γ£ù Build failed in 2.13s
error during build:
[vite]: Rollup failed to resolve import "react-is" from "C:/vibecoding/NeuroFlowTaskPlanner/node_modules/recharts/es6/util/ReactUtils.js".
This is most likely unintended because it can break your application at runtime.
If you do want to externalize this module explicitly add it to
`build.rollupOptions.external`
    at viteLog (file:///C:/vibecoding/NeuroFlowTaskPlanner/node_modules/vite/dist/node/chunks/dep-D4NMHUTW.js:46374:15)
    at file:///C:/vibecoding/NeuroFlowTaskPlanner/node_modules/vite/dist/node/chunks/dep-D4NMHUTW.js:46432:18
    at onwarn (file:///C:/vibecoding/NeuroFlowTaskPlanner/node_modules/@vitejs/plugin-react/dist/index.js:76:7)
    at file:///C:/vibecoding/NeuroFlowTaskPlanner/node_modules/vite/dist/node/chunks/dep-D4NMHUTW.js:46430:7
    at onRollupLog (file:///C:/vibecoding/NeuroFlowTaskPlanner/node_modules/vite/dist/node/chunks/dep-D4NMHUTW.js:46422:5)
    at onLog (file:///C:/vibecoding/NeuroFlowTaskPlanner/node_modules/vite/dist/node/chunks/dep-D4NMHUTW.js:46072:7)
    at file:///C:/vibecoding/NeuroFlowTaskPlanner/node_modules/rollup/dist/es/shared/node-entry.js:20961:32
    at Object.logger [as onLog] (file:///C:/vibecoding/NeuroFlowTaskPlanner/node_modules/rollup/dist/es/shared/node-entry.js:22848:9)
    at ModuleLoader.handleInvalidResolvedId (file:///C:/vibecoding/NeuroFlowTaskPlanner/node_modules/rollup/dist/es/shared/node-entry.js:21592:26)
    at file:///C:/vibecoding/NeuroFlowTaskPlanner/node_modules/rollup/dist/es/shared/node-entry.js:21550:26
